<?xml version="1.0" encoding="UTF-8"?>
<!-- Generated by org.testng.reporters.JUnitReportReporter -->
<testsuite hostname="LAPTOP-5333U9JN" failures="0" tests="2" name="Selenium.RestAssured.ResponseValidation" time="5.854" errors="0" timestamp="2025-07-28T11:58:32 IST" skipped="0">
  <testcase classname="Selenium.RestAssured.ResponseValidation" name="getMultipleUsers" time="5.011"/>
  <testcase classname="Selenium.RestAssured.ResponseValidation" name="getSingleUser" time="0.843"/>
</testsuite> <!-- Selenium.RestAssured.ResponseValidation -->
